<?xml version="1.0" encoding="UTF-8"?>
<testng-results skipped="0" failed="1" total="1" passed="0">
  <reporter-output>
  </reporter-output>
  <suite name="Suite" duration-ms="16868" started-at="2021-10-25T04:49:20Z" finished-at="2021-10-25T04:49:37Z">
    <groups>
    </groups>
    <test name="createAccount" duration-ms="16868" started-at="2021-10-25T04:49:20Z" finished-at="2021-10-25T04:49:37Z">
      <class name="travel.FlightSearch.SignupPage">
        <test-method status="PASS" signature="pageNavigation()[pri:0, instance:travel.FlightSearch.SignupPage@1e88b3c]" name="pageNavigation" is-config="true" duration-ms="16706" started-at="2021-10-25T10:19:20Z" finished-at="2021-10-25T10:19:36Z">
          <reporter-output>
          </reporter-output>
        </test-method> <!-- pageNavigation -->
        <test-method status="FAIL" signature="createAcc(java.lang.String, java.lang.String, java.lang.String)[pri:0, instance:travel.FlightSearch.SignupPage@1e88b3c]" name="createAcc" duration-ms="60" started-at="2021-10-25T10:19:36Z" data-provider="Dp" finished-at="2021-10-25T10:19:37Z">
          <params>
            <param index="0">
              <value>
                <![CDATA[Tanuja]]>
              </value>
            </param>
            <param index="1">
              <value>
                <![CDATA[ABC]]>
              </value>
            </param>
            <param index="2">
              <value>
                <![CDATA[abc@gmail.com]]>
              </value>
            </param>
          </params>
          <exception class="org.openqa.selenium.InvalidSelectorException">
            <message>
              <![CDATA[invalid selector: Unable to locate an element with the xpath expression //*[@id='language]/div[1]/span because of the following error:
SyntaxError: Failed to execute 'evaluate' on 'Document': The string '//*[@id='language]/div[1]/span' is not a valid XPath expression.
  (Session info: chrome=95.0.4638.54)
For documentation on this error, please visit: https://selenium.dev/exceptions/#invalid_selector_exception
Build info: version: '4.0.0', revision: '3a21814679'
System info: host: 'DESKTOP-3MEMJ03', ip: '192.168.232.69', os.name: 'Windows 10', os.arch: 'amd64', os.version: '10.0', java.version: '1.8.0_201'
Driver info: org.openqa.selenium.chrome.ChromeDriver
Command: [c622a466db2092945cb928b309bb31b6, findElement {using=xpath, value=//*[@id='language]/div[1]/span}]
Capabilities {acceptInsecureCerts: false, browserName: chrome, browserVersion: 95.0.4638.54, chrome: {chromedriverVersion: 95.0.4638.17 (a9d0719444d4b..., userDataDir: C:\Users\LENOVO\AppData\Loc...}, goog:chromeOptions: {debuggerAddress: localhost:62731}, javascriptEnabled: true, networkConnectionEnabled: false, pageLoadStrategy: normal, platform: WINDOWS, platformName: WINDOWS, proxy: Proxy(), se:cdp: ws://localhost:62731/devtoo..., se:cdpVersion: 95.0.4638.54, setWindowRect: true, strictFileInteractability: false, timeouts: {implicit: 0, pageLoad: 300000, script: 30000}, unhandledPromptBehavior: dismiss and notify, webauthn:extension:credBlob: true, webauthn:extension:largeBlob: true, webauthn:virtualAuthenticators: true}
Session ID: c622a466db2092945cb928b309bb31b6]]>
            </message>
            <full-stacktrace>
              <![CDATA[org.openqa.selenium.InvalidSelectorException: invalid selector: Unable to locate an element with the xpath expression //*[@id='language]/div[1]/span because of the following error:
SyntaxError: Failed to execute 'evaluate' on 'Document': The string '//*[@id='language]/div[1]/span' is not a valid XPath expression.
  (Session info: chrome=95.0.4638.54)
For documentation on this error, please visit: https://selenium.dev/exceptions/#invalid_selector_exception
Build info: version: '4.0.0', revision: '3a21814679'
System info: host: 'DESKTOP-3MEMJ03', ip: '192.168.232.69', os.name: 'Windows 10', os.arch: 'amd64', os.version: '10.0', java.version: '1.8.0_201'
Driver info: org.openqa.selenium.chrome.ChromeDriver
Command: [c622a466db2092945cb928b309bb31b6, findElement {using=xpath, value=//*[@id='language]/div[1]/span}]
Capabilities {acceptInsecureCerts: false, browserName: chrome, browserVersion: 95.0.4638.54, chrome: {chromedriverVersion: 95.0.4638.17 (a9d0719444d4b..., userDataDir: C:\Users\LENOVO\AppData\Loc...}, goog:chromeOptions: {debuggerAddress: localhost:62731}, javascriptEnabled: true, networkConnectionEnabled: false, pageLoadStrategy: normal, platform: WINDOWS, platformName: WINDOWS, proxy: Proxy(), se:cdp: ws://localhost:62731/devtoo..., se:cdpVersion: 95.0.4638.54, setWindowRect: true, strictFileInteractability: false, timeouts: {implicit: 0, pageLoad: 300000, script: 30000}, unhandledPromptBehavior: dismiss and notify, webauthn:extension:credBlob: true, webauthn:extension:largeBlob: true, webauthn:virtualAuthenticators: true}
Session ID: c622a466db2092945cb928b309bb31b6
	at sun.reflect.NativeConstructorAccessorImpl.newInstance0(Native Method)
	at sun.reflect.NativeConstructorAccessorImpl.newInstance(Unknown Source)
	at sun.reflect.DelegatingConstructorAccessorImpl.newInstance(Unknown Source)
	at java.lang.reflect.Constructor.newInstance(Unknown Source)
	at org.openqa.selenium.remote.codec.w3c.W3CHttpResponseCodec.createException(W3CHttpResponseCodec.java:200)
	at org.openqa.selenium.remote.codec.w3c.W3CHttpResponseCodec.decode(W3CHttpResponseCodec.java:133)
	at org.openqa.selenium.remote.codec.w3c.W3CHttpResponseCodec.decode(W3CHttpResponseCodec.java:53)
	at org.openqa.selenium.remote.HttpCommandExecutor.execute(HttpCommandExecutor.java:184)
	at org.openqa.selenium.remote.service.DriverCommandExecutor.invokeExecute(DriverCommandExecutor.java:164)
	at org.openqa.selenium.remote.service.DriverCommandExecutor.execute(DriverCommandExecutor.java:139)
	at org.openqa.selenium.remote.RemoteWebDriver.execute(RemoteWebDriver.java:559)
	at org.openqa.selenium.remote.ElementLocation$ElementFinder$2.findElement(ElementLocation.java:162)
	at org.openqa.selenium.remote.ElementLocation.findElement(ElementLocation.java:60)
	at org.openqa.selenium.remote.RemoteWebDriver.findElement(RemoteWebDriver.java:383)
	at org.openqa.selenium.remote.RemoteWebDriver.findElement(RemoteWebDriver.java:375)
	at pageObject.LandingPage.chooseLanguage(LandingPage.java:26)
	at travel.FlightSearch.SignupPage.createAcc(SignupPage.java:30)
	at sun.reflect.NativeMethodAccessorImpl.invoke0(Native Method)
	at sun.reflect.NativeMethodAccessorImpl.invoke(Unknown Source)
	at sun.reflect.DelegatingMethodAccessorImpl.invoke(Unknown Source)
	at java.lang.reflect.Method.invoke(Unknown Source)
	at org.testng.internal.MethodInvocationHelper.invokeMethod(MethodInvocationHelper.java:80)
	at org.testng.internal.Invoker.invokeMethod(Invoker.java:714)
	at org.testng.internal.Invoker.invokeTestMethod(Invoker.java:901)
	at org.testng.internal.Invoker.invokeTestMethods(Invoker.java:1231)
	at org.testng.internal.TestMethodWorker.invokeTestMethods(TestMethodWorker.java:127)
	at org.testng.internal.TestMethodWorker.run(TestMethodWorker.java:111)
	at org.testng.TestRunner.privateRun(TestRunner.java:767)
	at org.testng.TestRunner.run(TestRunner.java:617)
	at org.testng.SuiteRunner.runTest(SuiteRunner.java:334)
	at org.testng.SuiteRunner.runSequentially(SuiteRunner.java:329)
	at org.testng.SuiteRunner.privateRun(SuiteRunner.java:291)
	at org.testng.SuiteRunner.run(SuiteRunner.java:240)
	at org.testng.SuiteRunnerWorker.runSuite(SuiteRunnerWorker.java:52)
	at org.testng.SuiteRunnerWorker.run(SuiteRunnerWorker.java:86)
	at org.testng.TestNG.runSuitesSequentially(TestNG.java:1198)
	at org.testng.TestNG.runSuitesLocally(TestNG.java:1123)
	at org.testng.TestNG.run(TestNG.java:1031)
	at org.testng.remote.AbstractRemoteTestNG.run(AbstractRemoteTestNG.java:114)
	at org.testng.remote.RemoteTestNG.initAndRun(RemoteTestNG.java:251)
	at org.testng.remote.RemoteTestNG.main(RemoteTestNG.java:77)
]]>
            </full-stacktrace>
          </exception> <!-- org.openqa.selenium.InvalidSelectorException -->
          <reporter-output>
          </reporter-output>
        </test-method> <!-- createAcc -->
        <test-method status="PASS" signature="teardown()[pri:0, instance:travel.FlightSearch.SignupPage@1e88b3c]" name="teardown" is-config="true" duration-ms="81" started-at="2021-10-25T10:19:37Z" finished-at="2021-10-25T10:19:37Z">
          <reporter-output>
          </reporter-output>
        </test-method> <!-- teardown -->
      </class> <!-- travel.FlightSearch.SignupPage -->
    </test> <!-- createAccount -->
  </suite> <!-- Suite -->
</testng-results>
